*** BCVTB client log file.
*************************.
Writing to socket at time = 3.672000e+005
Assembling buffer.
Write to socket with fd = 344
Buffer        = 2 0 14 0 0 3.672000000000000e+005 8.000000000000000e+000 5.000000000000000e+000 6.000000000000000e+000 3.000000000000000e+000 0.000000000000000e+000 2.110000000000000e+001 8.700000000000000e+001 1.173452796109386e+005 2.990014010723715e+005 2.371755522056276e+001 2.746105014079074e+001 2.500348635718923e+001 2.400002621655918e+001 2.392244671168586e+001 

Wrote 357 characters to socket.
Reading from socket.
In readbufferfromsocket: Read 4 chars, maximum is 21798.
Error while disassembling the header of the buffer.
Disassembled buffer.
Finished exchanging data with socket: simTimRea=6.952931e-310, flag=1.
Assembling buffer.
Write to socket with fd = 344
Buffer        = 2 -20 

Wrote 7 characters to socket.
sendclientmessage wrote flag -20, return value = 7.
In readbufferfromsocket: Read -1 chars, maximum is 21798.
Assembling buffer.
Write to socket with fd = 344
Buffer        = 2 -1 

Error writing to socket: Return value = -1.
Error writing to socket: WSAGetLastError = 10054
sendclientmessage wrote flag -1, return value = -1.
